The system is: Linux - 4.4.0-19041-Microsoft - x86_64
Compiling the C compiler identification source file "CMakeCCompilerId.c" succeeded.
Compiler: /usr/bin/cc 
Build flags: 
Id flags:  

The output was:
0


Compilation of the C compiler identification source "CMakeCCompilerId.c" produced "a.out"

The C compiler identification is Clang, found in "/mnt/d/taichi/taichi-1.5.0-patcher/taichi-1.5.0/_skbuild/linux-x86_64-3.8/cmake-build/CMakeFiles/3.21.2/CompilerIdC/a.out"

Compiling the CXX compiler identification source file "CMakeCXXCompilerId.cpp" succeeded.
Compiler: /usr/bin/c++ 
Build flags: 
Id flags:  

The output was:
0


Compilation of the CXX compiler identification source "CMakeCXXCompilerId.cpp" produced "a.out"

The CXX compiler identification is GNU, found in "/mnt/d/taichi/taichi-1.5.0-patcher/taichi-1.5.0/_skbuild/linux-x86_64-3.8/cmake-build/CMakeFiles/3.21.2/CompilerIdCXX/a.out"

Detecting C compiler ABI info compiled with the following output:
Change Dir: /mnt/d/taichi/taichi-1.5.0-patcher/taichi-1.5.0/_skbuild/linux-x86_64-3.8/cmake-build/CMakeFiles/CMakeTmp

Run Build Command(s):/usr/bin/make -f Makefile cmTC_61f23/fast && /usr/bin/make  -f CMakeFiles/cmTC_61f23.dir/build.make CMakeFiles/cmTC_61f23.dir/build
make[1]: Entering directory '/mnt/d/taichi/taichi-1.5.0-patcher/taichi-1.5.0/_skbuild/linux-x86_64-3.8/cmake-build/CMakeFiles/CMakeTmp'
Building C object CMakeFiles/cmTC_61f23.dir/CMakeCCompilerABI.c.o
/usr/bin/cc   -v -MD -MT CMakeFiles/cmTC_61f23.dir/CMakeCCompilerABI.c.o -MF CMakeFiles/cmTC_61f23.dir/CMakeCCompilerABI.c.o.d -o CMakeFiles/cmTC_61f23.dir/CMakeCCompilerABI.c.o -c /home/turbodamper/.local/lib/python3.8/site-packages/cmake/data/share/cmake-3.21/Modules/CMakeCCompilerABI.c
Ubuntu clang version 14.0.6
Target: x86_64-pc-linux-gnu
Thread model: posix
InstalledDir: /usr/bin
Found candidate GCC installation: /usr/bin/../lib/gcc/x86_64-linux-gnu/9
Selected GCC installation: /usr/bin/../lib/gcc/x86_64-linux-gnu/9
Candidate multilib: .;@m64
Selected multilib: .;@m64
 (in-process)
 "/usr/lib/llvm-14/bin/clang" -cc1 -triple x86_64-pc-linux-gnu -emit-obj -mrelax-all --mrelax-relocations -disable-free -clear-ast-before-backend -disable-llvm-verifier -discard-value-names -main-file-name CMakeCCompilerABI.c -mrelocation-model pic -pic-level 2 -pic-is-pie -mframe-pointer=all -fmath-errno -ffp-contract=on -fno-rounding-math -mconstructor-aliases -funwind-tables=2 -target-cpu x86-64 -tune-cpu generic -mllvm -treat-scalable-fixed-error-as-warning -debugger-tuning=gdb -v -fcoverage-compilation-dir=/mnt/d/taichi/taichi-1.5.0-patcher/taichi-1.5.0/_skbuild/linux-x86_64-3.8/cmake-build/CMakeFiles/CMakeTmp -resource-dir /usr/lib/llvm-14/lib/clang/14.0.6 -dependency-file CMakeFiles/cmTC_61f23.dir/CMakeCCompilerABI.c.o.d -MT CMakeFiles/cmTC_61f23.dir/CMakeCCompilerABI.c.o -sys-header-deps -cxx-isystem /usr/include/llvm -cxx-isystem . -internal-isystem /usr/lib/llvm-14/lib/clang/14.0.6/include -internal-isystem /usr/local/include -internal-isystem /usr/bin/../lib/gcc/x86_64-linux-gnu/9/../../../../x86_64-linux-gnu/include -internal-externc-isystem /usr/include/x86_64-linux-gnu -internal-externc-isystem /include -internal-externc-isystem /usr/include -fdebug-compilation-dir=/mnt/d/taichi/taichi-1.5.0-patcher/taichi-1.5.0/_skbuild/linux-x86_64-3.8/cmake-build/CMakeFiles/CMakeTmp -ferror-limit 19 -fgnuc-version=4.2.1 -faddrsig -D__GCC_HAVE_DWARF2_CFI_ASM=1 -o CMakeFiles/cmTC_61f23.dir/CMakeCCompilerABI.c.o -x c /home/turbodamper/.local/lib/python3.8/site-packages/cmake/data/share/cmake-3.21/Modules/CMakeCCompilerABI.c
clang -cc1 version 14.0.6 based upon LLVM 14.0.6 default target x86_64-pc-linux-gnu
ignoring nonexistent directory "/usr/include/llvm"
ignoring nonexistent directory "/usr/bin/../lib/gcc/x86_64-linux-gnu/9/../../../../x86_64-linux-gnu/include"
ignoring nonexistent directory "/include"
#include "..." search starts here:
#include <...> search starts here:
 /usr/lib/llvm-14/lib/clang/14.0.6/include
 /usr/local/include
 /usr/include/x86_64-linux-gnu
 /usr/include
End of search list.
Linking C executable cmTC_61f23
/home/turbodamper/.local/lib/python3.8/site-packages/cmake/data/bin/cmake -E cmake_link_script CMakeFiles/cmTC_61f23.dir/link.txt --verbose=1
/usr/bin/cc  -v CMakeFiles/cmTC_61f23.dir/CMakeCCompilerABI.c.o -o cmTC_61f23 
Ubuntu clang version 14.0.6
Target: x86_64-pc-linux-gnu
Thread model: posix
InstalledDir: /usr/bin
Found candidate GCC installation: /usr/bin/../lib/gcc/x86_64-linux-gnu/9
Selected GCC installation: /usr/bin/../lib/gcc/x86_64-linux-gnu/9
Candidate multilib: .;@m64
Selected multilib: .;@m64
 "/usr/bin/ld" -pie -z relro --hash-style=gnu --build-id --eh-frame-hdr -m elf_x86_64 -dynamic-linker /lib64/ld-linux-x86-64.so.2 -o cmTC_61f23 /lib/x86_64-linux-gnu/Scrt1.o /lib/x86_64-linux-gnu/crti.o /usr/bin/../lib/gcc/x86_64-linux-gnu/9/crtbeginS.o -L/usr/bin/../lib/gcc/x86_64-linux-gnu/9 -L/usr/bin/../lib/gcc/x86_64-linux-gnu/9/../../../../lib64 -L/lib/x86_64-linux-gnu -L/lib/../lib64 -L/usr/lib/x86_64-linux-gnu -L/usr/lib/../lib64 -L/lib -L/usr/lib CMakeFiles/cmTC_61f23.dir/CMakeCCompilerABI.c.o -lgcc --as-needed -lgcc_s --no-as-needed -lc -lgcc --as-needed -lgcc_s --no-as-needed /usr/bin/../lib/gcc/x86_64-linux-gnu/9/crtendS.o /lib/x86_64-linux-gnu/crtn.o
make[1]: Leaving directory '/mnt/d/taichi/taichi-1.5.0-patcher/taichi-1.5.0/_skbuild/linux-x86_64-3.8/cmake-build/CMakeFiles/CMakeTmp'



Parsed C implicit include dir info from above output: rv=done
  found start of include info
  found start of implicit include info
    add: [/usr/lib/llvm-14/lib/clang/14.0.6/include]
    add: [/usr/local/include]
    add: [/usr/include/x86_64-linux-gnu]
    add: [/usr/include]
  end of search list found
  collapse include dir [/usr/lib/llvm-14/lib/clang/14.0.6/include] ==> [/usr/lib/llvm-14/lib/clang/14.0.6/include]
  collapse include dir [/usr/local/include] ==> [/usr/local/include]
  collapse include dir [/usr/include/x86_64-linux-gnu] ==> [/usr/include/x86_64-linux-gnu]
  collapse include dir [/usr/include] ==> [/usr/include]
  implicit include dirs: [/usr/lib/llvm-14/lib/clang/14.0.6/include;/usr/local/include;/usr/include/x86_64-linux-gnu;/usr/include]


Parsed C implicit link information from above output:
  link line regex: [^( *|.*[/\])(ld|CMAKE_LINK_STARTFILE-NOTFOUND|([^/\]+-)?ld|collect2)[^/\]*( |$)]
  ignore line: [Change Dir: /mnt/d/taichi/taichi-1.5.0-patcher/taichi-1.5.0/_skbuild/linux-x86_64-3.8/cmake-build/CMakeFiles/CMakeTmp]
  ignore line: []
  ignore line: [Run Build Command(s):/usr/bin/make -f Makefile cmTC_61f23/fast && /usr/bin/make  -f CMakeFiles/cmTC_61f23.dir/build.make CMakeFiles/cmTC_61f23.dir/build]
  ignore line: [make[1]: Entering directory '/mnt/d/taichi/taichi-1.5.0-patcher/taichi-1.5.0/_skbuild/linux-x86_64-3.8/cmake-build/CMakeFiles/CMakeTmp']
  ignore line: [Building C object CMakeFiles/cmTC_61f23.dir/CMakeCCompilerABI.c.o]
  ignore line: [/usr/bin/cc   -v -MD -MT CMakeFiles/cmTC_61f23.dir/CMakeCCompilerABI.c.o -MF CMakeFiles/cmTC_61f23.dir/CMakeCCompilerABI.c.o.d -o CMakeFiles/cmTC_61f23.dir/CMakeCCompilerABI.c.o -c /home/turbodamper/.local/lib/python3.8/site-packages/cmake/data/share/cmake-3.21/Modules/CMakeCCompilerABI.c]
  ignore line: [Ubuntu clang version 14.0.6]
  ignore line: [Target: x86_64-pc-linux-gnu]
  ignore line: [Thread model: posix]
  ignore line: [InstalledDir: /usr/bin]
  ignore line: [Found candidate GCC installation: /usr/bin/../lib/gcc/x86_64-linux-gnu/9]
  ignore line: [Selected GCC installation: /usr/bin/../lib/gcc/x86_64-linux-gnu/9]
  ignore line: [Candidate multilib: .]
  ignore line: [@m64]
  ignore line: [Selected multilib: .]
  ignore line: [@m64]
  ignore line: [ (in-process)]
  ignore line: [ "/usr/lib/llvm-14/bin/clang" -cc1 -triple x86_64-pc-linux-gnu -emit-obj -mrelax-all --mrelax-relocations -disable-free -clear-ast-before-backend -disable-llvm-verifier -discard-value-names -main-file-name CMakeCCompilerABI.c -mrelocation-model pic -pic-level 2 -pic-is-pie -mframe-pointer=all -fmath-errno -ffp-contract=on -fno-rounding-math -mconstructor-aliases -funwind-tables=2 -target-cpu x86-64 -tune-cpu generic -mllvm -treat-scalable-fixed-error-as-warning -debugger-tuning=gdb -v -fcoverage-compilation-dir=/mnt/d/taichi/taichi-1.5.0-patcher/taichi-1.5.0/_skbuild/linux-x86_64-3.8/cmake-build/CMakeFiles/CMakeTmp -resource-dir /usr/lib/llvm-14/lib/clang/14.0.6 -dependency-file CMakeFiles/cmTC_61f23.dir/CMakeCCompilerABI.c.o.d -MT CMakeFiles/cmTC_61f23.dir/CMakeCCompilerABI.c.o -sys-header-deps -cxx-isystem /usr/include/llvm -cxx-isystem . -internal-isystem /usr/lib/llvm-14/lib/clang/14.0.6/include -internal-isystem /usr/local/include -internal-isystem /usr/bin/../lib/gcc/x86_64-linux-gnu/9/../../../../x86_64-linux-gnu/include -internal-externc-isystem /usr/include/x86_64-linux-gnu -internal-externc-isystem /include -internal-externc-isystem /usr/include -fdebug-compilation-dir=/mnt/d/taichi/taichi-1.5.0-patcher/taichi-1.5.0/_skbuild/linux-x86_64-3.8/cmake-build/CMakeFiles/CMakeTmp -ferror-limit 19 -fgnuc-version=4.2.1 -faddrsig -D__GCC_HAVE_DWARF2_CFI_ASM=1 -o CMakeFiles/cmTC_61f23.dir/CMakeCCompilerABI.c.o -x c /home/turbodamper/.local/lib/python3.8/site-packages/cmake/data/share/cmake-3.21/Modules/CMakeCCompilerABI.c]
  ignore line: [clang -cc1 version 14.0.6 based upon LLVM 14.0.6 default target x86_64-pc-linux-gnu]
  ignore line: [ignoring nonexistent directory "/usr/include/llvm"]
  ignore line: [ignoring nonexistent directory "/usr/bin/../lib/gcc/x86_64-linux-gnu/9/../../../../x86_64-linux-gnu/include"]
  ignore line: [ignoring nonexistent directory "/include"]
  ignore line: [#include "..." search starts here:]
  ignore line: [#include <...> search starts here:]
  ignore line: [ /usr/lib/llvm-14/lib/clang/14.0.6/include]
  ignore line: [ /usr/local/include]
  ignore line: [ /usr/include/x86_64-linux-gnu]
  ignore line: [ /usr/include]
  ignore line: [End of search list.]
  ignore line: [Linking C executable cmTC_61f23]
  ignore line: [/home/turbodamper/.local/lib/python3.8/site-packages/cmake/data/bin/cmake -E cmake_link_script CMakeFiles/cmTC_61f23.dir/link.txt --verbose=1]
  ignore line: [/usr/bin/cc  -v CMakeFiles/cmTC_61f23.dir/CMakeCCompilerABI.c.o -o cmTC_61f23 ]
  ignore line: [Ubuntu clang version 14.0.6]
  ignore line: [Target: x86_64-pc-linux-gnu]
  ignore line: [Thread model: posix]
  ignore line: [InstalledDir: /usr/bin]
  ignore line: [Found candidate GCC installation: /usr/bin/../lib/gcc/x86_64-linux-gnu/9]
  ignore line: [Selected GCC installation: /usr/bin/../lib/gcc/x86_64-linux-gnu/9]
  ignore line: [Candidate multilib: .]
  ignore line: [@m64]
  ignore line: [Selected multilib: .]
  ignore line: [@m64]
  link line: [ "/usr/bin/ld" -pie -z relro --hash-style=gnu --build-id --eh-frame-hdr -m elf_x86_64 -dynamic-linker /lib64/ld-linux-x86-64.so.2 -o cmTC_61f23 /lib/x86_64-linux-gnu/Scrt1.o /lib/x86_64-linux-gnu/crti.o /usr/bin/../lib/gcc/x86_64-linux-gnu/9/crtbeginS.o -L/usr/bin/../lib/gcc/x86_64-linux-gnu/9 -L/usr/bin/../lib/gcc/x86_64-linux-gnu/9/../../../../lib64 -L/lib/x86_64-linux-gnu -L/lib/../lib64 -L/usr/lib/x86_64-linux-gnu -L/usr/lib/../lib64 -L/lib -L/usr/lib CMakeFiles/cmTC_61f23.dir/CMakeCCompilerABI.c.o -lgcc --as-needed -lgcc_s --no-as-needed -lc -lgcc --as-needed -lgcc_s --no-as-needed /usr/bin/../lib/gcc/x86_64-linux-gnu/9/crtendS.o /lib/x86_64-linux-gnu/crtn.o]
    arg [/usr/bin/ld] ==> ignore
    arg [-pie] ==> ignore
    arg [-zrelro] ==> ignore
    arg [--hash-style=gnu] ==> ignore
    arg [--build-id] ==> ignore
    arg [--eh-frame-hdr] ==> ignore
    arg [-m] ==> ignore
    arg [elf_x86_64] ==> ignore
    arg [-dynamic-linker] ==> ignore
    arg [/lib64/ld-linux-x86-64.so.2] ==> ignore
    arg [-o] ==> ignore
    arg [cmTC_61f23] ==> ignore
    arg [/lib/x86_64-linux-gnu/Scrt1.o] ==> obj [/lib/x86_64-linux-gnu/Scrt1.o]
    arg [/lib/x86_64-linux-gnu/crti.o] ==> obj [/lib/x86_64-linux-gnu/crti.o]
    arg [/usr/bin/../lib/gcc/x86_64-linux-gnu/9/crtbeginS.o] ==> obj [/usr/bin/../lib/gcc/x86_64-linux-gnu/9/crtbeginS.o]
    arg [-L/usr/bin/../lib/gcc/x86_64-linux-gnu/9] ==> dir [/usr/bin/../lib/gcc/x86_64-linux-gnu/9]
    arg [-L/usr/bin/../lib/gcc/x86_64-linux-gnu/9/../../../../lib64] ==> dir [/usr/bin/../lib/gcc/x86_64-linux-gnu/9/../../../../lib64]
    arg [-L/lib/x86_64-linux-gnu] ==> dir [/lib/x86_64-linux-gnu]
    arg [-L/lib/../lib64] ==> dir [/lib/../lib64]
    arg [-L/usr/lib/x86_64-linux-gnu] ==> dir [/usr/lib/x86_64-linux-gnu]
    arg [-L/usr/lib/../lib64] ==> dir [/usr/lib/../lib64]
    arg [-L/lib] ==> dir [/lib]
    arg [-L/usr/lib] ==> dir [/usr/lib]
    arg [CMakeFiles/cmTC_61f23.dir/CMakeCCompilerABI.c.o] ==> ignore
    arg [-lgcc] ==> lib [gcc]
    arg [--as-needed] ==> ignore
    arg [-lgcc_s] ==> lib [gcc_s]
    arg [--no-as-needed] ==> ignore
    arg [-lc] ==> lib [c]
    arg [-lgcc] ==> lib [gcc]
    arg [--as-needed] ==> ignore
    arg [-lgcc_s] ==> lib [gcc_s]
    arg [--no-as-needed] ==> ignore
    arg [/usr/bin/../lib/gcc/x86_64-linux-gnu/9/crtendS.o] ==> obj [/usr/bin/../lib/gcc/x86_64-linux-gnu/9/crtendS.o]
    arg [/lib/x86_64-linux-gnu/crtn.o] ==> obj [/lib/x86_64-linux-gnu/crtn.o]
  collapse obj [/usr/bin/../lib/gcc/x86_64-linux-gnu/9/crtbeginS.o] ==> [/usr/lib/gcc/x86_64-linux-gnu/9/crtbeginS.o]
  collapse obj [/usr/bin/../lib/gcc/x86_64-linux-gnu/9/crtendS.o] ==> [/usr/lib/gcc/x86_64-linux-gnu/9/crtendS.o]
  collapse library dir [/usr/bin/../lib/gcc/x86_64-linux-gnu/9] ==> [/usr/lib/gcc/x86_64-linux-gnu/9]
  collapse library dir [/usr/bin/../lib/gcc/x86_64-linux-gnu/9/../../../../lib64] ==> [/usr/lib64]
  collapse library dir [/lib/x86_64-linux-gnu] ==> [/lib/x86_64-linux-gnu]
  collapse library dir [/lib/../lib64] ==> [/lib64]
  collapse library dir [/usr/lib/x86_64-linux-gnu] ==> [/usr/lib/x86_64-linux-gnu]
  collapse library dir [/usr/lib/../lib64] ==> [/usr/lib64]
  collapse library dir [/lib] ==> [/lib]
  collapse library dir [/usr/lib] ==> [/usr/lib]
  implicit libs: [gcc;gcc_s;c;gcc;gcc_s]
  implicit objs: [/lib/x86_64-linux-gnu/Scrt1.o;/lib/x86_64-linux-gnu/crti.o;/usr/lib/gcc/x86_64-linux-gnu/9/crtbeginS.o;/usr/lib/gcc/x86_64-linux-gnu/9/crtendS.o;/lib/x86_64-linux-gnu/crtn.o]
  implicit dirs: [/usr/lib/gcc/x86_64-linux-gnu/9;/usr/lib64;/lib/x86_64-linux-gnu;/lib64;/usr/lib/x86_64-linux-gnu;/lib;/usr/lib]
  implicit fwks: []


Detecting CXX compiler ABI info compiled with the following output:
Change Dir: /mnt/d/taichi/taichi-1.5.0-patcher/taichi-1.5.0/_skbuild/linux-x86_64-3.8/cmake-build/CMakeFiles/CMakeTmp

Run Build Command(s):/usr/bin/make -f Makefile cmTC_803a3/fast && /usr/bin/make  -f CMakeFiles/cmTC_803a3.dir/build.make CMakeFiles/cmTC_803a3.dir/build
make[1]: Entering directory '/mnt/d/taichi/taichi-1.5.0-patcher/taichi-1.5.0/_skbuild/linux-x86_64-3.8/cmake-build/CMakeFiles/CMakeTmp'
Building CXX object CMakeFiles/cmTC_803a3.dir/CMakeCXXCompilerABI.cpp.o
/usr/bin/c++   -v -o CMakeFiles/cmTC_803a3.dir/CMakeCXXCompilerABI.cpp.o -c /home/turbodamper/.local/lib/python3.8/site-packages/cmake/data/share/cmake-3.21/Modules/CMakeCXXCompilerABI.cpp
Using built-in specs.
COLLECT_GCC=/usr/bin/c++
OFFLOAD_TARGET_NAMES=nvptx-none:hsa
OFFLOAD_TARGET_DEFAULT=1
Target: x86_64-linux-gnu
Configured with: ../src/configure -v --with-pkgversion='Ubuntu 9.4.0-1ubuntu1~20.04.2' --with-bugurl=file:///usr/share/doc/gcc-9/README.Bugs --enable-languages=c,ada,c++,go,brig,d,fortran,objc,obj-c++,gm2 --prefix=/usr --with-gcc-major-version-only --program-suffix=-9 --program-prefix=x86_64-linux-gnu- --enable-shared --enable-linker-build-id --libexecdir=/usr/lib --without-included-gettext --enable-threads=posix --libdir=/usr/lib --enable-nls --enable-clocale=gnu --enable-libstdcxx-debug --enable-libstdcxx-time=yes --with-default-libstdcxx-abi=new --enable-gnu-unique-object --disable-vtable-verify --enable-plugin --enable-default-pie --with-system-zlib --with-target-system-zlib=auto --enable-objc-gc=auto --enable-multiarch --disable-werror --with-arch-32=i686 --with-abi=m64 --with-multilib-list=m32,m64,mx32 --enable-multilib --with-tune=generic --enable-offload-targets=nvptx-none=/build/gcc-9-9QDOt0/gcc-9-9.4.0/debian/tmp-nvptx/usr,hsa --without-cuda-driver --enable-checking=release --build=x86_64-linux-gnu --host=x86_64-linux-gnu --target=x86_64-linux-gnu
Thread model: posix
gcc version 9.4.0 (Ubuntu 9.4.0-1ubuntu1~20.04.2) 
COLLECT_GCC_OPTIONS='-v' '-o' 'CMakeFiles/cmTC_803a3.dir/CMakeCXXCompilerABI.cpp.o' '-c' '-shared-libgcc' '-mtune=generic' '-march=x86-64'
 /usr/lib/gcc/x86_64-linux-gnu/9/cc1plus -quiet -v -imultiarch x86_64-linux-gnu -D_GNU_SOURCE /home/turbodamper/.local/lib/python3.8/site-packages/cmake/data/share/cmake-3.21/Modules/CMakeCXXCompilerABI.cpp -quiet -dumpbase CMakeCXXCompilerABI.cpp -mtune=generic -march=x86-64 -auxbase-strip CMakeFiles/cmTC_803a3.dir/CMakeCXXCompilerABI.cpp.o -version -fasynchronous-unwind-tables -fstack-protector-strong -Wformat -Wformat-security -fstack-clash-protection -fcf-protection -o /tmp/ccXkR8Rn.s
GNU C++14 (Ubuntu 9.4.0-1ubuntu1~20.04.2) version 9.4.0 (x86_64-linux-gnu)
	compiled by GNU C version 9.4.0, GMP version 6.2.0, MPFR version 4.0.2, MPC version 1.1.0, isl version isl-0.22.1-GMP

GGC heuristics: --param ggc-min-expand=100 --param ggc-min-heapsize=131072
ignoring nonexistent directory "/usr/include/llvm"
ignoring duplicate directory "/usr/include/x86_64-linux-gnu/c++/9"
ignoring nonexistent directory "/usr/local/include/x86_64-linux-gnu"
ignoring nonexistent directory "/usr/lib/gcc/x86_64-linux-gnu/9/include-fixed"
ignoring nonexistent directory "/usr/lib/gcc/x86_64-linux-gnu/9/../../../../x86_64-linux-gnu/include"
#include "..." search starts here:
#include <...> search starts here:
 .
 /usr/include/c++/9
 /usr/include/x86_64-linux-gnu/c++/9
 /usr/include/c++/9/backward
 /usr/lib/gcc/x86_64-linux-gnu/9/include
 /usr/local/include
 /usr/include/x86_64-linux-gnu
 /usr/include
End of search list.
GNU C++14 (Ubuntu 9.4.0-1ubuntu1~20.04.2) version 9.4.0 (x86_64-linux-gnu)
	compiled by GNU C version 9.4.0, GMP version 6.2.0, MPFR version 4.0.2, MPC version 1.1.0, isl version isl-0.22.1-GMP

GGC heuristics: --param ggc-min-expand=100 --param ggc-min-heapsize=131072
Compiler executable checksum: 3d1eba838554fa2348dba760e4770469
COLLECT_GCC_OPTIONS='-v' '-o' 'CMakeFiles/cmTC_803a3.dir/CMakeCXXCompilerABI.cpp.o' '-c' '-shared-libgcc' '-mtune=generic' '-march=x86-64'
 as -v --64 -o CMakeFiles/cmTC_803a3.dir/CMakeCXXCompilerABI.cpp.o /tmp/ccXkR8Rn.s
GNU assembler version 2.34 (x86_64-linux-gnu) using BFD version (GNU Binutils for Ubuntu) 2.34
COMPILER_PATH=/usr/lib/gcc/x86_64-linux-gnu/9/:/usr/lib/gcc/x86_64-linux-gnu/9/:/usr/lib/gcc/x86_64-linux-gnu/:/usr/lib/gcc/x86_64-linux-gnu/9/:/usr/lib/gcc/x86_64-linux-gnu/
LIBRARY_PATH=/usr/lib/gcc/x86_64-linux-gnu/9/:/usr/lib/gcc/x86_64-linux-gnu/9/../../../x86_64-linux-gnu/:/usr/lib/gcc/x86_64-linux-gnu/9/../../../../lib/:/lib/x86_64-linux-gnu/:/lib/../lib/:/usr/lib/x86_64-linux-gnu/:/usr/lib/../lib/:/usr/lib/gcc/x86_64-linux-gnu/9/../../../:/lib/:/usr/lib/
COLLECT_GCC_OPTIONS='-v' '-o' 'CMakeFiles/cmTC_803a3.dir/CMakeCXXCompilerABI.cpp.o' '-c' '-shared-libgcc' '-mtune=generic' '-march=x86-64'
Linking CXX executable cmTC_803a3
/home/turbodamper/.local/lib/python3.8/site-packages/cmake/data/bin/cmake -E cmake_link_script CMakeFiles/cmTC_803a3.dir/link.txt --verbose=1
/usr/bin/c++  -v CMakeFiles/cmTC_803a3.dir/CMakeCXXCompilerABI.cpp.o -o cmTC_803a3 
Using built-in specs.
COLLECT_GCC=/usr/bin/c++
COLLECT_LTO_WRAPPER=/usr/lib/gcc/x86_64-linux-gnu/9/lto-wrapper
OFFLOAD_TARGET_NAMES=nvptx-none:hsa
OFFLOAD_TARGET_DEFAULT=1
Target: x86_64-linux-gnu
Configured with: ../src/configure -v --with-pkgversion='Ubuntu 9.4.0-1ubuntu1~20.04.2' --with-bugurl=file:///usr/share/doc/gcc-9/README.Bugs --enable-languages=c,ada,c++,go,brig,d,fortran,objc,obj-c++,gm2 --prefix=/usr --with-gcc-major-version-only --program-suffix=-9 --program-prefix=x86_64-linux-gnu- --enable-shared --enable-linker-build-id --libexecdir=/usr/lib --without-included-gettext --enable-threads=posix --libdir=/usr/lib --enable-nls --enable-clocale=gnu --enable-libstdcxx-debug --enable-libstdcxx-time=yes --with-default-libstdcxx-abi=new --enable-gnu-unique-object --disable-vtable-verify --enable-plugin --enable-default-pie --with-system-zlib --with-target-system-zlib=auto --enable-objc-gc=auto --enable-multiarch --disable-werror --with-arch-32=i686 --with-abi=m64 --with-multilib-list=m32,m64,mx32 --enable-multilib --with-tune=generic --enable-offload-targets=nvptx-none=/build/gcc-9-9QDOt0/gcc-9-9.4.0/debian/tmp-nvptx/usr,hsa --without-cuda-driver --enable-checking=release --build=x86_64-linux-gnu --host=x86_64-linux-gnu --target=x86_64-linux-gnu
Thread model: posix
gcc version 9.4.0 (Ubuntu 9.4.0-1ubuntu1~20.04.2) 
COMPILER_PATH=/usr/lib/gcc/x86_64-linux-gnu/9/:/usr/lib/gcc/x86_64-linux-gnu/9/:/usr/lib/gcc/x86_64-linux-gnu/:/usr/lib/gcc/x86_64-linux-gnu/9/:/usr/lib/gcc/x86_64-linux-gnu/
LIBRARY_PATH=/usr/lib/gcc/x86_64-linux-gnu/9/:/usr/lib/gcc/x86_64-linux-gnu/9/../../../x86_64-linux-gnu/:/usr/lib/gcc/x86_64-linux-gnu/9/../../../../lib/:/lib/x86_64-linux-gnu/:/lib/../lib/:/usr/lib/x86_64-linux-gnu/:/usr/lib/../lib/:/usr/lib/gcc/x86_64-linux-gnu/9/../../../:/lib/:/usr/lib/
COLLECT_GCC_OPTIONS='-v' '-o' 'cmTC_803a3' '-shared-libgcc' '-mtune=generic' '-march=x86-64'
 /usr/lib/gcc/x86_64-linux-gnu/9/collect2 -plugin /usr/lib/gcc/x86_64-linux-gnu/9/liblto_plugin.so -plugin-opt=/usr/lib/gcc/x86_64-linux-gnu/9/lto-wrapper -plugin-opt=-fresolution=/tmp/ccMavDBP.res -plugin-opt=-pass-through=-lgcc_s -plugin-opt=-pass-through=-lgcc -plugin-opt=-pass-through=-lc -plugin-opt=-pass-through=-lgcc_s -plugin-opt=-pass-through=-lgcc --build-id --eh-frame-hdr -m elf_x86_64 --hash-style=gnu --as-needed -dynamic-linker /lib64/ld-linux-x86-64.so.2 -pie -z now -z relro -o cmTC_803a3 /usr/lib/gcc/x86_64-linux-gnu/9/../../../x86_64-linux-gnu/Scrt1.o /usr/lib/gcc/x86_64-linux-gnu/9/../../../x86_64-linux-gnu/crti.o /usr/lib/gcc/x86_64-linux-gnu/9/crtbeginS.o -L/usr/lib/gcc/x86_64-linux-gnu/9 -L/usr/lib/gcc/x86_64-linux-gnu/9/../../../x86_64-linux-gnu -L/usr/lib/gcc/x86_64-linux-gnu/9/../../../../lib -L/lib/x86_64-linux-gnu -L/lib/../lib -L/usr/lib/x86_64-linux-gnu -L/usr/lib/../lib -L/usr/lib/gcc/x86_64-linux-gnu/9/../../.. CMakeFiles/cmTC_803a3.dir/CMakeCXXCompilerABI.cpp.o -lstdc++ -lm -lgcc_s -lgcc -lc -lgcc_s -lgcc /usr/lib/gcc/x86_64-linux-gnu/9/crtendS.o /usr/lib/gcc/x86_64-linux-gnu/9/../../../x86_64-linux-gnu/crtn.o
COLLECT_GCC_OPTIONS='-v' '-o' 'cmTC_803a3' '-shared-libgcc' '-mtune=generic' '-march=x86-64'
make[1]: Leaving directory '/mnt/d/taichi/taichi-1.5.0-patcher/taichi-1.5.0/_skbuild/linux-x86_64-3.8/cmake-build/CMakeFiles/CMakeTmp'



Parsed CXX implicit include dir info from above output: rv=done
  found start of include info
  found start of implicit include info
    add: [.]
    add: [/usr/include/c++/9]
    add: [/usr/include/x86_64-linux-gnu/c++/9]
    add: [/usr/include/c++/9/backward]
    add: [/usr/lib/gcc/x86_64-linux-gnu/9/include]
    add: [/usr/local/include]
    add: [/usr/include/x86_64-linux-gnu]
    add: [/usr/include]
  end of search list found
  skipping relative include dir [.]
  collapse include dir [/usr/include/c++/9] ==> [/usr/include/c++/9]
  collapse include dir [/usr/include/x86_64-linux-gnu/c++/9] ==> [/usr/include/x86_64-linux-gnu/c++/9]
  collapse include dir [/usr/include/c++/9/backward] ==> [/usr/include/c++/9/backward]
  collapse include dir [/usr/lib/gcc/x86_64-linux-gnu/9/include] ==> [/usr/lib/gcc/x86_64-linux-gnu/9/include]
  collapse include dir [/usr/local/include] ==> [/usr/local/include]
  collapse include dir [/usr/include/x86_64-linux-gnu] ==> [/usr/include/x86_64-linux-gnu]
  collapse include dir [/usr/include] ==> [/usr/include]
  implicit include dirs: [/usr/include/c++/9;/usr/include/x86_64-linux-gnu/c++/9;/usr/include/c++/9/backward;/usr/lib/gcc/x86_64-linux-gnu/9/include;/usr/local/include;/usr/include/x86_64-linux-gnu;/usr/include]


Parsed CXX implicit link information from above output:
  link line regex: [^( *|.*[/\])(ld|CMAKE_LINK_STARTFILE-NOTFOUND|([^/\]+-)?ld|collect2)[^/\]*( |$)]
  ignore line: [Change Dir: /mnt/d/taichi/taichi-1.5.0-patcher/taichi-1.5.0/_skbuild/linux-x86_64-3.8/cmake-build/CMakeFiles/CMakeTmp]
  ignore line: []
  ignore line: [Run Build Command(s):/usr/bin/make -f Makefile cmTC_803a3/fast && /usr/bin/make  -f CMakeFiles/cmTC_803a3.dir/build.make CMakeFiles/cmTC_803a3.dir/build]
  ignore line: [make[1]: Entering directory '/mnt/d/taichi/taichi-1.5.0-patcher/taichi-1.5.0/_skbuild/linux-x86_64-3.8/cmake-build/CMakeFiles/CMakeTmp']
  ignore line: [Building CXX object CMakeFiles/cmTC_803a3.dir/CMakeCXXCompilerABI.cpp.o]
  ignore line: [/usr/bin/c++   -v -o CMakeFiles/cmTC_803a3.dir/CMakeCXXCompilerABI.cpp.o -c /home/turbodamper/.local/lib/python3.8/site-packages/cmake/data/share/cmake-3.21/Modules/CMakeCXXCompilerABI.cpp]
  ignore line: [Using built-in specs.]
  ignore line: [COLLECT_GCC=/usr/bin/c++]
  ignore line: [OFFLOAD_TARGET_NAMES=nvptx-none:hsa]
  ignore line: [OFFLOAD_TARGET_DEFAULT=1]
  ignore line: [Target: x86_64-linux-gnu]
  ignore line: [Configured with: ../src/configure -v --with-pkgversion='Ubuntu 9.4.0-1ubuntu1~20.04.2' --with-bugurl=file:///usr/share/doc/gcc-9/README.Bugs --enable-languages=c ada c++ go brig d fortran objc obj-c++ gm2 --prefix=/usr --with-gcc-major-version-only --program-suffix=-9 --program-prefix=x86_64-linux-gnu- --enable-shared --enable-linker-build-id --libexecdir=/usr/lib --without-included-gettext --enable-threads=posix --libdir=/usr/lib --enable-nls --enable-clocale=gnu --enable-libstdcxx-debug --enable-libstdcxx-time=yes --with-default-libstdcxx-abi=new --enable-gnu-unique-object --disable-vtable-verify --enable-plugin --enable-default-pie --with-system-zlib --with-target-system-zlib=auto --enable-objc-gc=auto --enable-multiarch --disable-werror --with-arch-32=i686 --with-abi=m64 --with-multilib-list=m32 m64 mx32 --enable-multilib --with-tune=generic --enable-offload-targets=nvptx-none=/build/gcc-9-9QDOt0/gcc-9-9.4.0/debian/tmp-nvptx/usr hsa --without-cuda-driver --enable-checking=release --build=x86_64-linux-gnu --host=x86_64-linux-gnu --target=x86_64-linux-gnu]
  ignore line: [Thread model: posix]
  ignore line: [gcc version 9.4.0 (Ubuntu 9.4.0-1ubuntu1~20.04.2) ]
  ignore line: [COLLECT_GCC_OPTIONS='-v' '-o' 'CMakeFiles/cmTC_803a3.dir/CMakeCXXCompilerABI.cpp.o' '-c' '-shared-libgcc' '-mtune=generic' '-march=x86-64']
  ignore line: [ /usr/lib/gcc/x86_64-linux-gnu/9/cc1plus -quiet -v -imultiarch x86_64-linux-gnu -D_GNU_SOURCE /home/turbodamper/.local/lib/python3.8/site-packages/cmake/data/share/cmake-3.21/Modules/CMakeCXXCompilerABI.cpp -quiet -dumpbase CMakeCXXCompilerABI.cpp -mtune=generic -march=x86-64 -auxbase-strip CMakeFiles/cmTC_803a3.dir/CMakeCXXCompilerABI.cpp.o -version -fasynchronous-unwind-tables -fstack-protector-strong -Wformat -Wformat-security -fstack-clash-protection -fcf-protection -o /tmp/ccXkR8Rn.s]
  ignore line: [GNU C++14 (Ubuntu 9.4.0-1ubuntu1~20.04.2) version 9.4.0 (x86_64-linux-gnu)]
  ignore line: [	compiled by GNU C version 9.4.0  GMP version 6.2.0  MPFR version 4.0.2  MPC version 1.1.0  isl version isl-0.22.1-GMP]
  ignore line: []
  ignore line: [GGC heuristics: --param ggc-min-expand=100 --param ggc-min-heapsize=131072]
  ignore line: [ignoring nonexistent directory "/usr/include/llvm"]
  ignore line: [ignoring duplicate directory "/usr/include/x86_64-linux-gnu/c++/9"]
  ignore line: [ignoring nonexistent directory "/usr/local/include/x86_64-linux-gnu"]
  ignore line: [ignoring nonexistent directory "/usr/lib/gcc/x86_64-linux-gnu/9/include-fixed"]
  ignore line: [ignoring nonexistent directory "/usr/lib/gcc/x86_64-linux-gnu/9/../../../../x86_64-linux-gnu/include"]
  ignore line: [#include "..." search starts here:]
  ignore line: [#include <...> search starts here:]
  ignore line: [ .]
  ignore line: [ /usr/include/c++/9]
  ignore line: [ /usr/include/x86_64-linux-gnu/c++/9]
  ignore line: [ /usr/include/c++/9/backward]
  ignore line: [ /usr/lib/gcc/x86_64-linux-gnu/9/include]
  ignore line: [ /usr/local/include]
  ignore line: [ /usr/include/x86_64-linux-gnu]
  ignore line: [ /usr/include]
  ignore line: [End of search list.]
  ignore line: [GNU C++14 (Ubuntu 9.4.0-1ubuntu1~20.04.2) version 9.4.0 (x86_64-linux-gnu)]
  ignore line: [	compiled by GNU C version 9.4.0  GMP version 6.2.0  MPFR version 4.0.2  MPC version 1.1.0  isl version isl-0.22.1-GMP]
  ignore line: []
  ignore line: [GGC heuristics: --param ggc-min-expand=100 --param ggc-min-heapsize=131072]
  ignore line: [Compiler executable checksum: 3d1eba838554fa2348dba760e4770469]
  ignore line: [COLLECT_GCC_OPTIONS='-v' '-o' 'CMakeFiles/cmTC_803a3.dir/CMakeCXXCompilerABI.cpp.o' '-c' '-shared-libgcc' '-mtune=generic' '-march=x86-64']
  ignore line: [ as -v --64 -o CMakeFiles/cmTC_803a3.dir/CMakeCXXCompilerABI.cpp.o /tmp/ccXkR8Rn.s]
  ignore line: [GNU assembler version 2.34 (x86_64-linux-gnu) using BFD version (GNU Binutils for Ubuntu) 2.34]
  ignore line: [COMPILER_PATH=/usr/lib/gcc/x86_64-linux-gnu/9/:/usr/lib/gcc/x86_64-linux-gnu/9/:/usr/lib/gcc/x86_64-linux-gnu/:/usr/lib/gcc/x86_64-linux-gnu/9/:/usr/lib/gcc/x86_64-linux-gnu/]
  ignore line: [LIBRARY_PATH=/usr/lib/gcc/x86_64-linux-gnu/9/:/usr/lib/gcc/x86_64-linux-gnu/9/../../../x86_64-linux-gnu/:/usr/lib/gcc/x86_64-linux-gnu/9/../../../../lib/:/lib/x86_64-linux-gnu/:/lib/../lib/:/usr/lib/x86_64-linux-gnu/:/usr/lib/../lib/:/usr/lib/gcc/x86_64-linux-gnu/9/../../../:/lib/:/usr/lib/]
  ignore line: [COLLECT_GCC_OPTIONS='-v' '-o' 'CMakeFiles/cmTC_803a3.dir/CMakeCXXCompilerABI.cpp.o' '-c' '-shared-libgcc' '-mtune=generic' '-march=x86-64']
  ignore line: [Linking CXX executable cmTC_803a3]
  ignore line: [/home/turbodamper/.local/lib/python3.8/site-packages/cmake/data/bin/cmake -E cmake_link_script CMakeFiles/cmTC_803a3.dir/link.txt --verbose=1]
  ignore line: [/usr/bin/c++  -v CMakeFiles/cmTC_803a3.dir/CMakeCXXCompilerABI.cpp.o -o cmTC_803a3 ]
  ignore line: [Using built-in specs.]
  ignore line: [COLLECT_GCC=/usr/bin/c++]
  ignore line: [COLLECT_LTO_WRAPPER=/usr/lib/gcc/x86_64-linux-gnu/9/lto-wrapper]
  ignore line: [OFFLOAD_TARGET_NAMES=nvptx-none:hsa]
  ignore line: [OFFLOAD_TARGET_DEFAULT=1]
  ignore line: [Target: x86_64-linux-gnu]
  ignore line: [Configured with: ../src/configure -v --with-pkgversion='Ubuntu 9.4.0-1ubuntu1~20.04.2' --with-bugurl=file:///usr/share/doc/gcc-9/README.Bugs --enable-languages=c ada c++ go brig d fortran objc obj-c++ gm2 --prefix=/usr --with-gcc-major-version-only --program-suffix=-9 --program-prefix=x86_64-linux-gnu- --enable-shared --enable-linker-build-id --libexecdir=/usr/lib --without-included-gettext --enable-threads=posix --libdir=/usr/lib --enable-nls --enable-clocale=gnu --enable-libstdcxx-debug --enable-libstdcxx-time=yes --with-default-libstdcxx-abi=new --enable-gnu-unique-object --disable-vtable-verify --enable-plugin --enable-default-pie --with-system-zlib --with-target-system-zlib=auto --enable-objc-gc=auto --enable-multiarch --disable-werror --with-arch-32=i686 --with-abi=m64 --with-multilib-list=m32 m64 mx32 --enable-multilib --with-tune=generic --enable-offload-targets=nvptx-none=/build/gcc-9-9QDOt0/gcc-9-9.4.0/debian/tmp-nvptx/usr hsa --without-cuda-driver --enable-checking=release --build=x86_64-linux-gnu --host=x86_64-linux-gnu --target=x86_64-linux-gnu]
  ignore line: [Thread model: posix]
  ignore line: [gcc version 9.4.0 (Ubuntu 9.4.0-1ubuntu1~20.04.2) ]
  ignore line: [COMPILER_PATH=/usr/lib/gcc/x86_64-linux-gnu/9/:/usr/lib/gcc/x86_64-linux-gnu/9/:/usr/lib/gcc/x86_64-linux-gnu/:/usr/lib/gcc/x86_64-linux-gnu/9/:/usr/lib/gcc/x86_64-linux-gnu/]
  ignore line: [LIBRARY_PATH=/usr/lib/gcc/x86_64-linux-gnu/9/:/usr/lib/gcc/x86_64-linux-gnu/9/../../../x86_64-linux-gnu/:/usr/lib/gcc/x86_64-linux-gnu/9/../../../../lib/:/lib/x86_64-linux-gnu/:/lib/../lib/:/usr/lib/x86_64-linux-gnu/:/usr/lib/../lib/:/usr/lib/gcc/x86_64-linux-gnu/9/../../../:/lib/:/usr/lib/]
  ignore line: [COLLECT_GCC_OPTIONS='-v' '-o' 'cmTC_803a3' '-shared-libgcc' '-mtune=generic' '-march=x86-64']
  link line: [ /usr/lib/gcc/x86_64-linux-gnu/9/collect2 -plugin /usr/lib/gcc/x86_64-linux-gnu/9/liblto_plugin.so -plugin-opt=/usr/lib/gcc/x86_64-linux-gnu/9/lto-wrapper -plugin-opt=-fresolution=/tmp/ccMavDBP.res -plugin-opt=-pass-through=-lgcc_s -plugin-opt=-pass-through=-lgcc -plugin-opt=-pass-through=-lc -plugin-opt=-pass-through=-lgcc_s -plugin-opt=-pass-through=-lgcc --build-id --eh-frame-hdr -m elf_x86_64 --hash-style=gnu --as-needed -dynamic-linker /lib64/ld-linux-x86-64.so.2 -pie -z now -z relro -o cmTC_803a3 /usr/lib/gcc/x86_64-linux-gnu/9/../../../x86_64-linux-gnu/Scrt1.o /usr/lib/gcc/x86_64-linux-gnu/9/../../../x86_64-linux-gnu/crti.o /usr/lib/gcc/x86_64-linux-gnu/9/crtbeginS.o -L/usr/lib/gcc/x86_64-linux-gnu/9 -L/usr/lib/gcc/x86_64-linux-gnu/9/../../../x86_64-linux-gnu -L/usr/lib/gcc/x86_64-linux-gnu/9/../../../../lib -L/lib/x86_64-linux-gnu -L/lib/../lib -L/usr/lib/x86_64-linux-gnu -L/usr/lib/../lib -L/usr/lib/gcc/x86_64-linux-gnu/9/../../.. CMakeFiles/cmTC_803a3.dir/CMakeCXXCompilerABI.cpp.o -lstdc++ -lm -lgcc_s -lgcc -lc -lgcc_s -lgcc /usr/lib/gcc/x86_64-linux-gnu/9/crtendS.o /usr/lib/gcc/x86_64-linux-gnu/9/../../../x86_64-linux-gnu/crtn.o]
    arg [/usr/lib/gcc/x86_64-linux-gnu/9/collect2] ==> ignore
    arg [-plugin] ==> ignore
    arg [/usr/lib/gcc/x86_64-linux-gnu/9/liblto_plugin.so] ==> ignore
    arg [-plugin-opt=/usr/lib/gcc/x86_64-linux-gnu/9/lto-wrapper] ==> ignore
    arg [-plugin-opt=-fresolution=/tmp/ccMavDBP.res] ==> ignore
    arg [-plugin-opt=-pass-through=-lgcc_s] ==> ignore
    arg [-plugin-opt=-pass-through=-lgcc] ==> ignore
    arg [-plugin-opt=-pass-through=-lc] ==> ignore
    arg [-plugin-opt=-pass-through=-lgcc_s] ==> ignore
    arg [-plugin-opt=-pass-through=-lgcc] ==> ignore
    arg [--build-id] ==> ignore
    arg [--eh-frame-hdr] ==> ignore
    arg [-m] ==> ignore
    arg [elf_x86_64] ==> ignore
    arg [--hash-style=gnu] ==> ignore
    arg [--as-needed] ==> ignore
    arg [-dynamic-linker] ==> ignore
    arg [/lib64/ld-linux-x86-64.so.2] ==> ignore
    arg [-pie] ==> ignore
    arg [-znow] ==> ignore
    arg [-zrelro] ==> ignore
    arg [-o] ==> ignore
    arg [cmTC_803a3] ==> ignore
    arg [/usr/lib/gcc/x86_64-linux-gnu/9/../../../x86_64-linux-gnu/Scrt1.o] ==> obj [/usr/lib/gcc/x86_64-linux-gnu/9/../../../x86_64-linux-gnu/Scrt1.o]
    arg [/usr/lib/gcc/x86_64-linux-gnu/9/../../../x86_64-linux-gnu/crti.o] ==> obj [/usr/lib/gcc/x86_64-linux-gnu/9/../../../x86_64-linux-gnu/crti.o]
    arg [/usr/lib/gcc/x86_64-linux-gnu/9/crtbeginS.o] ==> obj [/usr/lib/gcc/x86_64-linux-gnu/9/crtbeginS.o]
    arg [-L/usr/lib/gcc/x86_64-linux-gnu/9] ==> dir [/usr/lib/gcc/x86_64-linux-gnu/9]
    arg [-L/usr/lib/gcc/x86_64-linux-gnu/9/../../../x86_64-linux-gnu] ==> dir [/usr/lib/gcc/x86_64-linux-gnu/9/../../../x86_64-linux-gnu]
    arg [-L/usr/lib/gcc/x86_64-linux-gnu/9/../../../../lib] ==> dir [/usr/lib/gcc/x86_64-linux-gnu/9/../../../../lib]
    arg [-L/lib/x86_64-linux-gnu] ==> dir [/lib/x86_64-linux-gnu]
    arg [-L/lib/../lib] ==> dir [/lib/../lib]
    arg [-L/usr/lib/x86_64-linux-gnu] ==> dir [/usr/lib/x86_64-linux-gnu]
    arg [-L/usr/lib/../lib] ==> dir [/usr/lib/../lib]
    arg [-L/usr/lib/gcc/x86_64-linux-gnu/9/../../..] ==> dir [/usr/lib/gcc/x86_64-linux-gnu/9/../../..]
    arg [CMakeFiles/cmTC_803a3.dir/CMakeCXXCompilerABI.cpp.o] ==> ignore
    arg [-lstdc++] ==> lib [stdc++]
    arg [-lm] ==> lib [m]
    arg [-lgcc_s] ==> lib [gcc_s]
    arg [-lgcc] ==> lib [gcc]
    arg [-lc] ==> lib [c]
    arg [-lgcc_s] ==> lib [gcc_s]
    arg [-lgcc] ==> lib [gcc]
    arg [/usr/lib/gcc/x86_64-linux-gnu/9/crtendS.o] ==> obj [/usr/lib/gcc/x86_64-linux-gnu/9/crtendS.o]
    arg [/usr/lib/gcc/x86_64-linux-gnu/9/../../../x86_64-linux-gnu/crtn.o] ==> obj [/usr/lib/gcc/x86_64-linux-gnu/9/../../../x86_64-linux-gnu/crtn.o]
  collapse obj [/usr/lib/gcc/x86_64-linux-gnu/9/../../../x86_64-linux-gnu/Scrt1.o] ==> [/usr/lib/x86_64-linux-gnu/Scrt1.o]
  collapse obj [/usr/lib/gcc/x86_64-linux-gnu/9/../../../x86_64-linux-gnu/crti.o] ==> [/usr/lib/x86_64-linux-gnu/crti.o]
  collapse obj [/usr/lib/gcc/x86_64-linux-gnu/9/../../../x86_64-linux-gnu/crtn.o] ==> [/usr/lib/x86_64-linux-gnu/crtn.o]
  collapse library dir [/usr/lib/gcc/x86_64-linux-gnu/9] ==> [/usr/lib/gcc/x86_64-linux-gnu/9]
  collapse library dir [/usr/lib/gcc/x86_64-linux-gnu/9/../../../x86_64-linux-gnu] ==> [/usr/lib/x86_64-linux-gnu]
  collapse library dir [/usr/lib/gcc/x86_64-linux-gnu/9/../../../../lib] ==> [/usr/lib]
  collapse library dir [/lib/x86_64-linux-gnu] ==> [/lib/x86_64-linux-gnu]
  collapse library dir [/lib/../lib] ==> [/lib]
  collapse library dir [/usr/lib/x86_64-linux-gnu] ==> [/usr/lib/x86_64-linux-gnu]
  collapse library dir [/usr/lib/../lib] ==> [/usr/lib]
  collapse library dir [/usr/lib/gcc/x86_64-linux-gnu/9/../../..] ==> [/usr/lib]
  implicit libs: [stdc++;m;gcc_s;gcc;c;gcc_s;gcc]
  implicit objs: [/usr/lib/x86_64-linux-gnu/Scrt1.o;/usr/lib/x86_64-linux-gnu/crti.o;/usr/lib/gcc/x86_64-linux-gnu/9/crtbeginS.o;/usr/lib/gcc/x86_64-linux-gnu/9/crtendS.o;/usr/lib/x86_64-linux-gnu/crtn.o]
  implicit dirs: [/usr/lib/gcc/x86_64-linux-gnu/9;/usr/lib/x86_64-linux-gnu;/usr/lib;/lib/x86_64-linux-gnu;/lib]
  implicit fwks: []


Performing C++ SOURCE FILE Test HAS_FLTO succeeded with the following output:
Change Dir: /mnt/d/taichi/taichi-1.5.0-patcher/taichi-1.5.0/_skbuild/linux-x86_64-3.8/cmake-build/CMakeFiles/CMakeTmp

Run Build Command(s):/usr/bin/make -f Makefile cmTC_547d3/fast && /usr/bin/make  -f CMakeFiles/cmTC_547d3.dir/build.make CMakeFiles/cmTC_547d3.dir/build
make[1]: Entering directory '/mnt/d/taichi/taichi-1.5.0-patcher/taichi-1.5.0/_skbuild/linux-x86_64-3.8/cmake-build/CMakeFiles/CMakeTmp'
Building CXX object CMakeFiles/cmTC_547d3.dir/src.cxx.o
/usr/bin/c++ -DHAS_FLTO  -fPIE   -flto -fno-fat-lto-objects -std=gnu++17 -o CMakeFiles/cmTC_547d3.dir/src.cxx.o -c /mnt/d/taichi/taichi-1.5.0-patcher/taichi-1.5.0/_skbuild/linux-x86_64-3.8/cmake-build/CMakeFiles/CMakeTmp/src.cxx
Linking CXX executable cmTC_547d3
/home/turbodamper/.local/lib/python3.8/site-packages/cmake/data/bin/cmake -E cmake_link_script CMakeFiles/cmTC_547d3.dir/link.txt --verbose=1
/usr/bin/c++ CMakeFiles/cmTC_547d3.dir/src.cxx.o -o cmTC_547d3  -flto 
make[1]: Leaving directory '/mnt/d/taichi/taichi-1.5.0-patcher/taichi-1.5.0/_skbuild/linux-x86_64-3.8/cmake-build/CMakeFiles/CMakeTmp'


Source file was:
int main() { return 0; }
Performing C++ SOURCE FILE Test CXX_HAS_Wno_unqualified_std_cast_call succeeded with the following output:
Change Dir: /mnt/d/taichi/taichi-1.5.0-patcher/taichi-1.5.0/_skbuild/linux-x86_64-3.8/cmake-build/CMakeFiles/CMakeTmp

Run Build Command(s):/usr/bin/make -f Makefile cmTC_56ebc/fast && /usr/bin/make  -f CMakeFiles/cmTC_56ebc.dir/build.make CMakeFiles/cmTC_56ebc.dir/build
make[1]: Entering directory '/mnt/d/taichi/taichi-1.5.0-patcher/taichi-1.5.0/_skbuild/linux-x86_64-3.8/cmake-build/CMakeFiles/CMakeTmp'
Building CXX object CMakeFiles/cmTC_56ebc.dir/src.cxx.o
/usr/bin/c++ -DCXX_HAS_Wno_unqualified_std_cast_call  -DTI_ISE_NONE -std=c++17 -fsized-deallocation -Wno-class-memaccess -Wno-comment -Wno-sign-compare -Wall  -Wno-ignored-attributes  -Wno-nullability-completeness  -Wno-unused-private-field  -Wno-unneeded-internal-declaration   -fPIE   -Wno-unqualified-std-cast-call -std=gnu++17 -o CMakeFiles/cmTC_56ebc.dir/src.cxx.o -c /mnt/d/taichi/taichi-1.5.0-patcher/taichi-1.5.0/_skbuild/linux-x86_64-3.8/cmake-build/CMakeFiles/CMakeTmp/src.cxx
Linking CXX executable cmTC_56ebc
/home/turbodamper/.local/lib/python3.8/site-packages/cmake/data/bin/cmake -E cmake_link_script CMakeFiles/cmTC_56ebc.dir/link.txt --verbose=1
/usr/bin/c++  -DTI_ISE_NONE -std=c++17 -fsized-deallocation -Wno-class-memaccess -Wno-comment -Wno-sign-compare -Wall  -Wno-ignored-attributes  -Wno-nullability-completeness  -Wno-unused-private-field  -Wno-unneeded-internal-declaration   CMakeFiles/cmTC_56ebc.dir/src.cxx.o -o cmTC_56ebc 
make[1]: Leaving directory '/mnt/d/taichi/taichi-1.5.0-patcher/taichi-1.5.0/_skbuild/linux-x86_64-3.8/cmake-build/CMakeFiles/CMakeTmp'


Source file was:
int main() { return 0; }
Performing C++ SOURCE FILE Test CXX_HAS_Wno_unused_but_set_variable succeeded with the following output:
Change Dir: /mnt/d/taichi/taichi-1.5.0-patcher/taichi-1.5.0/_skbuild/linux-x86_64-3.8/cmake-build/CMakeFiles/CMakeTmp

Run Build Command(s):/usr/bin/make -f Makefile cmTC_c6426/fast && /usr/bin/make  -f CMakeFiles/cmTC_c6426.dir/build.make CMakeFiles/cmTC_c6426.dir/build
make[1]: Entering directory '/mnt/d/taichi/taichi-1.5.0-patcher/taichi-1.5.0/_skbuild/linux-x86_64-3.8/cmake-build/CMakeFiles/CMakeTmp'
Building CXX object CMakeFiles/cmTC_c6426.dir/src.cxx.o
/usr/bin/c++ -DCXX_HAS_Wno_unused_but_set_variable  -DTI_ISE_NONE -std=c++17 -fsized-deallocation -Wno-class-memaccess -Wno-comment -Wno-sign-compare -Wall  -Wno-ignored-attributes  -Wno-nullability-completeness  -Wno-unused-private-field  -Wno-unneeded-internal-declaration  -Wno-unqualified-std-cast-call   -fPIE   -Wno-unused-but-set-variable -std=gnu++17 -o CMakeFiles/cmTC_c6426.dir/src.cxx.o -c /mnt/d/taichi/taichi-1.5.0-patcher/taichi-1.5.0/_skbuild/linux-x86_64-3.8/cmake-build/CMakeFiles/CMakeTmp/src.cxx
Linking CXX executable cmTC_c6426
/home/turbodamper/.local/lib/python3.8/site-packages/cmake/data/bin/cmake -E cmake_link_script CMakeFiles/cmTC_c6426.dir/link.txt --verbose=1
/usr/bin/c++  -DTI_ISE_NONE -std=c++17 -fsized-deallocation -Wno-class-memaccess -Wno-comment -Wno-sign-compare -Wall  -Wno-ignored-attributes  -Wno-nullability-completeness  -Wno-unused-private-field  -Wno-unneeded-internal-declaration  -Wno-unqualified-std-cast-call   CMakeFiles/cmTC_c6426.dir/src.cxx.o -o cmTC_c6426 
make[1]: Leaving directory '/mnt/d/taichi/taichi-1.5.0-patcher/taichi-1.5.0/_skbuild/linux-x86_64-3.8/cmake-build/CMakeFiles/CMakeTmp'


Source file was:
int main() { return 0; }
Determining if the include file pthread.h exists passed with the following output:
Change Dir: /mnt/d/taichi/taichi-1.5.0-patcher/taichi-1.5.0/_skbuild/linux-x86_64-3.8/cmake-build/CMakeFiles/CMakeTmp

Run Build Command(s):/usr/bin/make -f Makefile cmTC_00ecc/fast && /usr/bin/make  -f CMakeFiles/cmTC_00ecc.dir/build.make CMakeFiles/cmTC_00ecc.dir/build
make[1]: Entering directory '/mnt/d/taichi/taichi-1.5.0-patcher/taichi-1.5.0/_skbuild/linux-x86_64-3.8/cmake-build/CMakeFiles/CMakeTmp'
Building C object CMakeFiles/cmTC_00ecc.dir/CheckIncludeFile.c.o
/usr/bin/cc   -fPIE -MD -MT CMakeFiles/cmTC_00ecc.dir/CheckIncludeFile.c.o -MF CMakeFiles/cmTC_00ecc.dir/CheckIncludeFile.c.o.d -o CMakeFiles/cmTC_00ecc.dir/CheckIncludeFile.c.o -c /mnt/d/taichi/taichi-1.5.0-patcher/taichi-1.5.0/_skbuild/linux-x86_64-3.8/cmake-build/CMakeFiles/CMakeTmp/CheckIncludeFile.c
Linking C executable cmTC_00ecc
/home/turbodamper/.local/lib/python3.8/site-packages/cmake/data/bin/cmake -E cmake_link_script CMakeFiles/cmTC_00ecc.dir/link.txt --verbose=1
/usr/bin/cc CMakeFiles/cmTC_00ecc.dir/CheckIncludeFile.c.o -o cmTC_00ecc 
make[1]: Leaving directory '/mnt/d/taichi/taichi-1.5.0-patcher/taichi-1.5.0/_skbuild/linux-x86_64-3.8/cmake-build/CMakeFiles/CMakeTmp'



Determining if the function pthread_create exists in the pthread passed with the following output:
Change Dir: /mnt/d/taichi/taichi-1.5.0-patcher/taichi-1.5.0/_skbuild/linux-x86_64-3.8/cmake-build/CMakeFiles/CMakeTmp

Run Build Command(s):/usr/bin/make -f Makefile cmTC_64a93/fast && /usr/bin/make  -f CMakeFiles/cmTC_64a93.dir/build.make CMakeFiles/cmTC_64a93.dir/build
make[1]: Entering directory '/mnt/d/taichi/taichi-1.5.0-patcher/taichi-1.5.0/_skbuild/linux-x86_64-3.8/cmake-build/CMakeFiles/CMakeTmp'
Building C object CMakeFiles/cmTC_64a93.dir/CheckFunctionExists.c.o
/usr/bin/cc   -DCHECK_FUNCTION_EXISTS=pthread_create -fPIE -MD -MT CMakeFiles/cmTC_64a93.dir/CheckFunctionExists.c.o -MF CMakeFiles/cmTC_64a93.dir/CheckFunctionExists.c.o.d -o CMakeFiles/cmTC_64a93.dir/CheckFunctionExists.c.o -c /home/turbodamper/.local/lib/python3.8/site-packages/cmake/data/share/cmake-3.21/Modules/CheckFunctionExists.c
Linking C executable cmTC_64a93
/home/turbodamper/.local/lib/python3.8/site-packages/cmake/data/bin/cmake -E cmake_link_script CMakeFiles/cmTC_64a93.dir/link.txt --verbose=1
/usr/bin/cc  -DCHECK_FUNCTION_EXISTS=pthread_create CMakeFiles/cmTC_64a93.dir/CheckFunctionExists.c.o -o cmTC_64a93  -lpthread 
make[1]: Leaving directory '/mnt/d/taichi/taichi-1.5.0-patcher/taichi-1.5.0/_skbuild/linux-x86_64-3.8/cmake-build/CMakeFiles/CMakeTmp'



Determining if the function XOpenDisplay exists in the /usr/lib/x86_64-linux-gnu/libX11.so;/usr/lib/x86_64-linux-gnu/libXext.so passed with the following output:
Change Dir: /mnt/d/taichi/taichi-1.5.0-patcher/taichi-1.5.0/_skbuild/linux-x86_64-3.8/cmake-build/CMakeFiles/CMakeTmp

Run Build Command(s):/usr/bin/make -f Makefile cmTC_d6496/fast && /usr/bin/make  -f CMakeFiles/cmTC_d6496.dir/build.make CMakeFiles/cmTC_d6496.dir/build
make[1]: Entering directory '/mnt/d/taichi/taichi-1.5.0-patcher/taichi-1.5.0/_skbuild/linux-x86_64-3.8/cmake-build/CMakeFiles/CMakeTmp'
Building C object CMakeFiles/cmTC_d6496.dir/CheckFunctionExists.c.o
/usr/bin/cc   -DCHECK_FUNCTION_EXISTS=XOpenDisplay -fPIE -MD -MT CMakeFiles/cmTC_d6496.dir/CheckFunctionExists.c.o -MF CMakeFiles/cmTC_d6496.dir/CheckFunctionExists.c.o.d -o CMakeFiles/cmTC_d6496.dir/CheckFunctionExists.c.o -c /home/turbodamper/.local/lib/python3.8/site-packages/cmake/data/share/cmake-3.21/Modules/CheckFunctionExists.c
Linking C executable cmTC_d6496
/home/turbodamper/.local/lib/python3.8/site-packages/cmake/data/bin/cmake -E cmake_link_script CMakeFiles/cmTC_d6496.dir/link.txt --verbose=1
/usr/bin/cc  -DCHECK_FUNCTION_EXISTS=XOpenDisplay CMakeFiles/cmTC_d6496.dir/CheckFunctionExists.c.o -o cmTC_d6496  /usr/lib/x86_64-linux-gnu/libX11.so /usr/lib/x86_64-linux-gnu/libXext.so 
make[1]: Leaving directory '/mnt/d/taichi/taichi-1.5.0-patcher/taichi-1.5.0/_skbuild/linux-x86_64-3.8/cmake-build/CMakeFiles/CMakeTmp'



Determining if the function gethostbyname exists passed with the following output:
Change Dir: /mnt/d/taichi/taichi-1.5.0-patcher/taichi-1.5.0/_skbuild/linux-x86_64-3.8/cmake-build/CMakeFiles/CMakeTmp

Run Build Command(s):/usr/bin/make -f Makefile cmTC_9c860/fast && /usr/bin/make  -f CMakeFiles/cmTC_9c860.dir/build.make CMakeFiles/cmTC_9c860.dir/build
make[1]: Entering directory '/mnt/d/taichi/taichi-1.5.0-patcher/taichi-1.5.0/_skbuild/linux-x86_64-3.8/cmake-build/CMakeFiles/CMakeTmp'
Building C object CMakeFiles/cmTC_9c860.dir/CheckFunctionExists.c.o
/usr/bin/cc   -DCHECK_FUNCTION_EXISTS=gethostbyname -fPIE -MD -MT CMakeFiles/cmTC_9c860.dir/CheckFunctionExists.c.o -MF CMakeFiles/cmTC_9c860.dir/CheckFunctionExists.c.o.d -o CMakeFiles/cmTC_9c860.dir/CheckFunctionExists.c.o -c /home/turbodamper/.local/lib/python3.8/site-packages/cmake/data/share/cmake-3.21/Modules/CheckFunctionExists.c
Linking C executable cmTC_9c860
/home/turbodamper/.local/lib/python3.8/site-packages/cmake/data/bin/cmake -E cmake_link_script CMakeFiles/cmTC_9c860.dir/link.txt --verbose=1
/usr/bin/cc  -DCHECK_FUNCTION_EXISTS=gethostbyname CMakeFiles/cmTC_9c860.dir/CheckFunctionExists.c.o -o cmTC_9c860 
make[1]: Leaving directory '/mnt/d/taichi/taichi-1.5.0-patcher/taichi-1.5.0/_skbuild/linux-x86_64-3.8/cmake-build/CMakeFiles/CMakeTmp'



Determining if the function connect exists passed with the following output:
Change Dir: /mnt/d/taichi/taichi-1.5.0-patcher/taichi-1.5.0/_skbuild/linux-x86_64-3.8/cmake-build/CMakeFiles/CMakeTmp

Run Build Command(s):/usr/bin/make -f Makefile cmTC_ad64e/fast && /usr/bin/make  -f CMakeFiles/cmTC_ad64e.dir/build.make CMakeFiles/cmTC_ad64e.dir/build
make[1]: Entering directory '/mnt/d/taichi/taichi-1.5.0-patcher/taichi-1.5.0/_skbuild/linux-x86_64-3.8/cmake-build/CMakeFiles/CMakeTmp'
Building C object CMakeFiles/cmTC_ad64e.dir/CheckFunctionExists.c.o
/usr/bin/cc   -DCHECK_FUNCTION_EXISTS=connect -fPIE -MD -MT CMakeFiles/cmTC_ad64e.dir/CheckFunctionExists.c.o -MF CMakeFiles/cmTC_ad64e.dir/CheckFunctionExists.c.o.d -o CMakeFiles/cmTC_ad64e.dir/CheckFunctionExists.c.o -c /home/turbodamper/.local/lib/python3.8/site-packages/cmake/data/share/cmake-3.21/Modules/CheckFunctionExists.c
Linking C executable cmTC_ad64e
/home/turbodamper/.local/lib/python3.8/site-packages/cmake/data/bin/cmake -E cmake_link_script CMakeFiles/cmTC_ad64e.dir/link.txt --verbose=1
/usr/bin/cc  -DCHECK_FUNCTION_EXISTS=connect CMakeFiles/cmTC_ad64e.dir/CheckFunctionExists.c.o -o cmTC_ad64e 
make[1]: Leaving directory '/mnt/d/taichi/taichi-1.5.0-patcher/taichi-1.5.0/_skbuild/linux-x86_64-3.8/cmake-build/CMakeFiles/CMakeTmp'



Determining if the function remove exists passed with the following output:
Change Dir: /mnt/d/taichi/taichi-1.5.0-patcher/taichi-1.5.0/_skbuild/linux-x86_64-3.8/cmake-build/CMakeFiles/CMakeTmp

Run Build Command(s):/usr/bin/make -f Makefile cmTC_b201c/fast && /usr/bin/make  -f CMakeFiles/cmTC_b201c.dir/build.make CMakeFiles/cmTC_b201c.dir/build
make[1]: Entering directory '/mnt/d/taichi/taichi-1.5.0-patcher/taichi-1.5.0/_skbuild/linux-x86_64-3.8/cmake-build/CMakeFiles/CMakeTmp'
Building C object CMakeFiles/cmTC_b201c.dir/CheckFunctionExists.c.o
/usr/bin/cc   -DCHECK_FUNCTION_EXISTS=remove -fPIE -MD -MT CMakeFiles/cmTC_b201c.dir/CheckFunctionExists.c.o -MF CMakeFiles/cmTC_b201c.dir/CheckFunctionExists.c.o.d -o CMakeFiles/cmTC_b201c.dir/CheckFunctionExists.c.o -c /home/turbodamper/.local/lib/python3.8/site-packages/cmake/data/share/cmake-3.21/Modules/CheckFunctionExists.c
Linking C executable cmTC_b201c
/home/turbodamper/.local/lib/python3.8/site-packages/cmake/data/bin/cmake -E cmake_link_script CMakeFiles/cmTC_b201c.dir/link.txt --verbose=1
/usr/bin/cc  -DCHECK_FUNCTION_EXISTS=remove CMakeFiles/cmTC_b201c.dir/CheckFunctionExists.c.o -o cmTC_b201c 
make[1]: Leaving directory '/mnt/d/taichi/taichi-1.5.0-patcher/taichi-1.5.0/_skbuild/linux-x86_64-3.8/cmake-build/CMakeFiles/CMakeTmp'



Determining if the function shmat exists passed with the following output:
Change Dir: /mnt/d/taichi/taichi-1.5.0-patcher/taichi-1.5.0/_skbuild/linux-x86_64-3.8/cmake-build/CMakeFiles/CMakeTmp

Run Build Command(s):/usr/bin/make -f Makefile cmTC_5482e/fast && /usr/bin/make  -f CMakeFiles/cmTC_5482e.dir/build.make CMakeFiles/cmTC_5482e.dir/build
make[1]: Entering directory '/mnt/d/taichi/taichi-1.5.0-patcher/taichi-1.5.0/_skbuild/linux-x86_64-3.8/cmake-build/CMakeFiles/CMakeTmp'
Building C object CMakeFiles/cmTC_5482e.dir/CheckFunctionExists.c.o
/usr/bin/cc   -DCHECK_FUNCTION_EXISTS=shmat -fPIE -MD -MT CMakeFiles/cmTC_5482e.dir/CheckFunctionExists.c.o -MF CMakeFiles/cmTC_5482e.dir/CheckFunctionExists.c.o.d -o CMakeFiles/cmTC_5482e.dir/CheckFunctionExists.c.o -c /home/turbodamper/.local/lib/python3.8/site-packages/cmake/data/share/cmake-3.21/Modules/CheckFunctionExists.c
Linking C executable cmTC_5482e
/home/turbodamper/.local/lib/python3.8/site-packages/cmake/data/bin/cmake -E cmake_link_script CMakeFiles/cmTC_5482e.dir/link.txt --verbose=1
/usr/bin/cc  -DCHECK_FUNCTION_EXISTS=shmat CMakeFiles/cmTC_5482e.dir/CheckFunctionExists.c.o -o cmTC_5482e 
make[1]: Leaving directory '/mnt/d/taichi/taichi-1.5.0-patcher/taichi-1.5.0/_skbuild/linux-x86_64-3.8/cmake-build/CMakeFiles/CMakeTmp'



Performing C SOURCE FILE Test HAVE_FFI_CALL succeeded with the following output:
Change Dir: /mnt/d/taichi/taichi-1.5.0-patcher/taichi-1.5.0/_skbuild/linux-x86_64-3.8/cmake-build/CMakeFiles/CMakeTmp

Run Build Command(s):/usr/bin/make -f Makefile cmTC_0b78c/fast && /usr/bin/make  -f CMakeFiles/cmTC_0b78c.dir/build.make CMakeFiles/cmTC_0b78c.dir/build
make[1]: Entering directory '/mnt/d/taichi/taichi-1.5.0-patcher/taichi-1.5.0/_skbuild/linux-x86_64-3.8/cmake-build/CMakeFiles/CMakeTmp'
Building C object CMakeFiles/cmTC_0b78c.dir/src.c.o
/usr/bin/cc -DHAVE_FFI_CALL  -fPIE -MD -MT CMakeFiles/cmTC_0b78c.dir/src.c.o -MF CMakeFiles/cmTC_0b78c.dir/src.c.o.d -o CMakeFiles/cmTC_0b78c.dir/src.c.o -c /mnt/d/taichi/taichi-1.5.0-patcher/taichi-1.5.0/_skbuild/linux-x86_64-3.8/cmake-build/CMakeFiles/CMakeTmp/src.c
Linking C executable cmTC_0b78c
/home/turbodamper/.local/lib/python3.8/site-packages/cmake/data/bin/cmake -E cmake_link_script CMakeFiles/cmTC_0b78c.dir/link.txt --verbose=1
/usr/bin/cc CMakeFiles/cmTC_0b78c.dir/src.c.o -o cmTC_0b78c  /usr/lib/x86_64-linux-gnu/libffi.so 
make[1]: Leaving directory '/mnt/d/taichi/taichi-1.5.0-patcher/taichi-1.5.0/_skbuild/linux-x86_64-3.8/cmake-build/CMakeFiles/CMakeTmp'


Source file was:

    struct ffi_cif;
    typedef struct ffi_cif ffi_cif;
    void ffi_call(ffi_cif *cif, void (*fn)(void), void *rvalue, void **avalue);
    int main() { ffi_call(0, 0, 0, 0); }
Performing C SOURCE FILE Test Terminfo_LINKABLE succeeded with the following output:
Change Dir: /mnt/d/taichi/taichi-1.5.0-patcher/taichi-1.5.0/_skbuild/linux-x86_64-3.8/cmake-build/CMakeFiles/CMakeTmp

Run Build Command(s):/usr/bin/make -f Makefile cmTC_5ea2b/fast && /usr/bin/make  -f CMakeFiles/cmTC_5ea2b.dir/build.make CMakeFiles/cmTC_5ea2b.dir/build
make[1]: Entering directory '/mnt/d/taichi/taichi-1.5.0-patcher/taichi-1.5.0/_skbuild/linux-x86_64-3.8/cmake-build/CMakeFiles/CMakeTmp'
Building C object CMakeFiles/cmTC_5ea2b.dir/src.c.o
/usr/bin/cc -DTerminfo_LINKABLE  -fPIE -MD -MT CMakeFiles/cmTC_5ea2b.dir/src.c.o -MF CMakeFiles/cmTC_5ea2b.dir/src.c.o.d -o CMakeFiles/cmTC_5ea2b.dir/src.c.o -c /mnt/d/taichi/taichi-1.5.0-patcher/taichi-1.5.0/_skbuild/linux-x86_64-3.8/cmake-build/CMakeFiles/CMakeTmp/src.c
Linking C executable cmTC_5ea2b
/home/turbodamper/.local/lib/python3.8/site-packages/cmake/data/bin/cmake -E cmake_link_script CMakeFiles/cmTC_5ea2b.dir/link.txt --verbose=1
/usr/bin/cc CMakeFiles/cmTC_5ea2b.dir/src.c.o -o cmTC_5ea2b  /usr/lib/x86_64-linux-gnu/libtinfo.so 
make[1]: Leaving directory '/mnt/d/taichi/taichi-1.5.0-patcher/taichi-1.5.0/_skbuild/linux-x86_64-3.8/cmake-build/CMakeFiles/CMakeTmp'


Source file was:

    int setupterm(char *term, int filedes, int *errret);
    int main() { return setupterm(0, 0, 0); }
